mode: set
/Users/ami/Documents/ami/go-programming-essence/7/7.2/7.4/hsd.go:3.42,5.2 1 1
/Users/ami/Documents/ami/go-programming-essence/7/7.2/7.4/hsd.go:7.32,9.22 2 1
/Users/ami/Documents/ami/go-programming-essence/7/7.2/7.4/hsd.go:9.22,11.3 1 1
/Users/ami/Documents/ami/go-programming-essence/7/7.2/7.4/hsd.go:13.2,13.17 1 1
/Users/ami/Documents/ami/go-programming-essence/7/7.2/7.4/hsd.go:13.17,15.3 1 0
/Users/ami/Documents/ami/go-programming-essence/7/7.2/7.4/hsd.go:17.2,17.19 1 1
/Users/ami/Documents/ami/go-programming-essence/7/7.2/7.4/hsd.go:17.19,18.19 1 1
/Users/ami/Documents/ami/go-programming-essence/7/7.2/7.4/hsd.go:18.19,20.4 1 1
/Users/ami/Documents/ami/go-programming-essence/7/7.2/7.4/hsd.go:22.2,22.13 1 1
